<?xml version="1.0" encoding="UTF-8" ?>
<testsuite errors="0" failures="0" name="org.jasig.cas.validation.UsernamePasswordCredentialsValidatorTests" tests="9" time="0.15">
  <properties>
[...]
</properties>
  <testcase name="testSupportsUsernamePasswordCredentials" time="0.0"></testcase>
  <testcase name="testNotSupportsBasicHttpServiceCredentials" time="0.0"></testcase>
  <testcase name="testValidationPasses" time="0.15"></testcase>
  <testcase name="testValidationFailsPasswordNull" time="0.0"></testcase>
  <testcase name="testValidationFailsPasswordBlank" time="0.0"></testcase>
  <testcase name="testValidationFailsUsernameNull" time="0.0"></testcase>
  <testcase name="testValidationFailsUsernameBlank" time="0.0"></testcase>
  <testcase name="testValidationFailsUsernameAndPasswordBlank" time="0.0"></testcase>
  <testcase name="testValidationFailsUsernameAndPasswordNull" time="0.0"></testcase>
  <system-out><![CDATA[]]></system-out>
  <system-err><![CDATA[]]></system-err>
</testsuite>
