<?xml version="1.0" encoding="UTF-8"?>
<coverage generated="1181745779834" clover="1.3.12">
   <project timestamp="1181745651490" name="Maven Cloverreport">
      <metrics coveredelements="115" packages="4" coveredconditionals="23" ncloc="245" statements="78" loc="447" files="9" conditionals="24" coveredmethods="19" coveredstatements="73" methods="21" classes="9" elements="123"/>
      <package name="org.jasig.cas.support.openid.authentication.handler.support">
         <metrics coveredelements="12" files="1" coveredconditionals="2" conditionals="2" ncloc="31" statements="7" coveredstatements="7" coveredmethods="3" loc="53" methods="3" classes="1" elements="12"/>
         <file name="C:\workspace\cas3\cas-server-support-openid\src\main\java\org\jasig\cas\support\openid\authentication\handler\support\OpenIdCredentialsAuthenticationHandler.java">
            <class name="OpenIdCredentialsAuthenticationHandler">
               <metrics coveredelements="12" coveredconditionals="2" conditionals="2" statements="7" coveredstatements="7" coveredmethods="3" methods="3" elements="12"/>
            </class>
            <metrics coveredelements="12" coveredconditionals="2" conditionals="2" ncloc="31" statements="7" coveredstatements="7" coveredmethods="3" loc="53" methods="3" classes="1" elements="12"/>
            <line num="30" type="method" count="4"/>
            <line num="32" type="stmt" count="4"/>
            <line num="34" type="stmt" count="4"/>
            <line num="38" type="stmt" count="4"/>
            <line falsecount="3" num="38" type="cond" truecount="1"/>
            <line num="39" type="stmt" count="1"/>
            <line num="42" type="stmt" count="3"/>
            <line num="46" type="method" count="2"/>
            <line num="47" type="stmt" count="2"/>
            <line num="50" type="method" count="8"/>
            <line num="51" type="stmt" count="8"/>
         </file>
      </package>
      <package name="org.jasig.cas.support.openid.web.support">
         <metrics coveredelements="24" files="4" coveredconditionals="7" conditionals="8" ncloc="45" statements="14" coveredstatements="14" coveredmethods="3" loc="114" methods="3" classes="4" elements="25"/>
         <file name="C:\workspace\cas3\cas-server-support-openid\src\main\java\org\jasig\cas\support\openid\web\support\OpenIdArgumentExtractor.java">
            <class name="OpenIdArgumentExtractor">
               <metrics coveredelements="2" coveredconditionals="0" conditionals="0" statements="1" coveredstatements="1" coveredmethods="1" methods="1" elements="2"/>
            </class>
            <metrics coveredelements="2" coveredconditionals="0" conditionals="0" ncloc="10" statements="1" coveredstatements="1" coveredmethods="1" loc="27" methods="1" classes="1" elements="2"/>
            <line num="24" type="method" count="1"/>
            <line num="25" type="stmt" count="1"/>
         </file>
         <file name="C:\workspace\cas3\cas-server-support-openid\src\main\java\org\jasig\cas\support\openid\web\support\OpenIdPostUrlHandlerMapping.java">
            <class name="OpenIdPostUrlHandlerMapping">
               <metrics coveredelements="12" coveredconditionals="3" conditionals="4" statements="8" coveredstatements="8" coveredmethods="1" methods="1" elements="13"/>
            </class>
            <metrics coveredelements="12" coveredconditionals="3" conditionals="4" ncloc="18" statements="8" coveredstatements="8" coveredmethods="1" loc="36" methods="1" classes="1" elements="13"/>
            <line num="21" type="method" count="5"/>
            <line num="23" type="stmt" count="5"/>
            <line falsecount="0" num="23" type="cond" truecount="5"/>
            <line num="24" type="stmt" count="5"/>
            <line num="25" type="stmt" count="5"/>
            <line num="27" type="stmt" count="5"/>
            <line falsecount="4" num="27" type="cond" truecount="1"/>
            <line num="28" type="stmt" count="1"/>
            <line num="29" type="stmt" count="1"/>
            <line num="32" type="stmt" count="4"/>
            <line num="34" type="stmt" count="4"/>
         </file>
         <file name="C:\workspace\cas3\cas-server-support-openid\src\main\java\org\jasig\cas\support\openid\web\support\DefaultOpenIdUserNameExtractor.java">
            <class name="DefaultOpenIdUserNameExtractor">
               <metrics coveredelements="10" coveredconditionals="4" conditionals="4" statements="5" coveredstatements="5" coveredmethods="1" methods="1" elements="10"/>
            </class>
            <metrics coveredelements="10" coveredconditionals="4" conditionals="4" ncloc="13" statements="5" coveredstatements="5" coveredmethods="1" loc="33" methods="1" classes="1" elements="10"/>
            <line num="21" type="method" count="8"/>
            <line num="22" type="stmt" count="8"/>
            <line falsecount="4" num="22" type="cond" truecount="4"/>
            <line num="23" type="stmt" count="4"/>
            <line num="26" type="stmt" count="4"/>
            <line falsecount="2" num="26" type="cond" truecount="2"/>
            <line num="27" type="stmt" count="2"/>
            <line num="30" type="stmt" count="2"/>
         </file>
         <file name="C:\workspace\cas3\cas-server-support-openid\src\main\java\org\jasig\cas\support\openid\web\support\OpenIdUserNameExtractor.java">
            <class name="OpenIdUserNameExtractor">
               <metrics coveredelements="0" coveredconditionals="0" conditionals="0" statements="0" coveredstatements="0" coveredmethods="0" methods="0" elements="0"/>
            </class>
            <metrics coveredelements="0" coveredconditionals="0" conditionals="0" ncloc="4" statements="0" coveredstatements="0" coveredmethods="0" loc="18" methods="0" classes="1" elements="0"/>
         </file>
      </package>
      <package name="org.jasig.cas.support.openid.web.flow">
         <metrics coveredelements="16" files="1" coveredconditionals="4" conditionals="4" ncloc="35" statements="10" coveredstatements="10" coveredmethods="2" loc="61" methods="2" classes="1" elements="16"/>
         <file name="C:\workspace\cas3\cas-server-support-openid\src\main\java\org\jasig\cas\support\openid\web\flow\OpenIdSingleSignOnAction.java">
            <class name="OpenIdSingleSignOnAction">
               <metrics coveredelements="16" coveredconditionals="4" conditionals="4" statements="10" coveredstatements="10" coveredmethods="2" methods="2" elements="16"/>
            </class>
            <metrics coveredelements="16" coveredconditionals="4" conditionals="4" ncloc="35" statements="10" coveredstatements="10" coveredmethods="2" loc="61" methods="2" classes="1" elements="16"/>
            <line num="35" type="method" count="4"/>
            <line num="36" type="stmt" count="4"/>
            <line num="39" type="method" count="5"/>
            <line num="41" type="stmt" count="5"/>
            <line num="42" type="stmt" count="5"/>
            <line num="45" type="stmt" count="5"/>
            <line num="47" type="stmt" count="5"/>
            <line num="50" type="stmt" count="5"/>
            <line falsecount="4" num="50" type="cond" truecount="1"/>
            <line num="51" type="stmt" count="1"/>
            <line num="54" type="stmt" count="5"/>
            <line falsecount="1" num="54" type="cond" truecount="4"/>
            <line num="55" type="stmt" count="4"/>
            <line num="58" type="stmt" count="1"/>
         </file>
      </package>
      <package name="org.jasig.cas.support.openid.authentication.principal">
         <metrics coveredelements="63" files="3" coveredconditionals="10" conditionals="10" ncloc="134" statements="47" coveredstatements="42" coveredmethods="11" loc="219" methods="13" classes="3" elements="70"/>
         <file name="C:\workspace\cas3\cas-server-support-openid\src\main\java\org\jasig\cas\support\openid\authentication\principal\OpenIdCredentials.java">
            <class name="OpenIdCredentials">
               <metrics coveredelements="7" coveredconditionals="0" conditionals="0" statements="4" coveredstatements="4" coveredmethods="3" methods="3" elements="7"/>
            </class>
            <metrics coveredelements="7" coveredconditionals="0" conditionals="0" ncloc="17" statements="4" coveredstatements="4" coveredmethods="3" loc="41" methods="3" classes="1" elements="7"/>
            <line num="28" type="method" count="5"/>
            <line num="29" type="stmt" count="5"/>
            <line num="30" type="stmt" count="5"/>
            <line num="33" type="method" count="4"/>
            <line num="34" type="stmt" count="4"/>
            <line num="37" type="method" count="4"/>
            <line num="38" type="stmt" count="4"/>
         </file>
         <file name="C:\workspace\cas3\cas-server-support-openid\src\main\java\org\jasig\cas\support\openid\authentication\principal\OpenIdCredentialsToPrincipalResolver.java">
            <class name="OpenIdCredentialsToPrincipalResolver">
               <metrics coveredelements="3" coveredconditionals="0" conditionals="0" statements="3" coveredstatements="2" coveredmethods="1" methods="2" elements="5"/>
            </class>
            <metrics coveredelements="3" coveredconditionals="0" conditionals="0" ncloc="15" statements="3" coveredstatements="2" coveredmethods="1" loc="33" methods="2" classes="1" elements="5"/>
            <line num="24" type="method" count="1"/>
            <line num="25" type="stmt" count="1"/>
            <line num="26" type="stmt" count="1"/>
            <line num="29" type="method" count="0"/>
            <line num="30" type="stmt" count="0"/>
         </file>
         <file name="C:\workspace\cas3\cas-server-support-openid\src\main\java\org\jasig\cas\support\openid\authentication\principal\OpenIdService.java">
            <class name="OpenIdService">
               <metrics coveredelements="53" coveredconditionals="10" conditionals="10" statements="40" coveredstatements="36" coveredmethods="7" methods="8" elements="58"/>
            </class>
            <metrics coveredelements="53" coveredconditionals="10" conditionals="10" ncloc="102" statements="40" coveredstatements="36" coveredmethods="7" loc="145" methods="8" classes="1" elements="58"/>
            <line num="55" type="stmt" count="1"/>
            <line num="56" type="stmt" count="1"/>
            <line num="58" type="stmt" count="0"/>
            <line num="62" type="method" count="5"/>
            <line num="65" type="stmt" count="5"/>
            <line num="66" type="stmt" count="5"/>
            <line num="67" type="stmt" count="5"/>
            <line num="68" type="stmt" count="5"/>
            <line num="71" type="method" count="3"/>
            <line num="72" type="stmt" count="3"/>
            <line num="73" type="stmt" count="3"/>
            <line num="74" type="stmt" count="3"/>
            <line num="75" type="stmt" count="3"/>
            <line num="77" type="stmt" count="0"/>
            <line num="78" type="stmt" count="0"/>
            <line num="82" type="method" count="2"/>
            <line num="83" type="stmt" count="2"/>
            <line num="85" type="stmt" count="2"/>
            <line falsecount="1" num="85" type="cond" truecount="1"/>
            <line num="86" type="stmt" count="1"/>
            <line num="87" type="stmt" count="1"/>
            <line num="88" type="stmt" count="1"/>
            <line num="89" type="stmt" count="1"/>
            <line num="90" type="stmt" count="1"/>
            <line num="91" type="stmt" count="1"/>
            <line num="94" type="stmt" count="1"/>
            <line num="97" type="stmt" count="2"/>
            <line num="100" type="method" count="0"/>
            <line num="101" type="stmt" count="0"/>
            <line num="104" type="method" count="6"/>
            <line num="106" type="stmt" count="6"/>
            <line num="107" type="stmt" count="6"/>
            <line num="108" type="stmt" count="6"/>
            <line num="110" type="stmt" count="6"/>
            <line falsecount="5" num="110" type="cond" truecount="1"/>
            <line num="111" type="stmt" count="1"/>
            <line num="114" type="stmt" count="5"/>
            <line num="115" type="stmt" count="5"/>
            <line num="117" type="stmt" count="5"/>
            <line num="121" type="method" count="3"/>
            <line num="122" type="stmt" count="3"/>
            <line falsecount="2" num="122" type="cond" truecount="1"/>
            <line num="123" type="stmt" count="1"/>
            <line num="126" type="stmt" count="2"/>
            <line falsecount="1" num="126" type="cond" truecount="1"/>
            <line num="127" type="stmt" count="1"/>
            <line num="130" type="stmt" count="1"/>
            <line num="132" type="stmt" count="1"/>
            <line num="137" type="method" count="2"/>
            <line num="138" type="stmt" count="2"/>
            <line num="141" type="method" count="3"/>
            <line num="142" type="stmt" count="3"/>
            <line falsecount="2" num="142" type="cond" truecount="1"/>
         </file>
      </package>
   </project>
</coverage>